2025-05-16 00:13:23,168 - INFO -        accuracy: 0.9715
2025-05-16 00:13:23,168 - INFO -       precision: 0.9702
2025-05-16 00:13:23,169 - INFO -          recall: 0.9789
2025-05-16 00:13:23,170 - INFO -        f1_score: 0.9745
2025-05-16 00:13:23,171 - INFO - confusion_matrix: [[942, 37], [26, 1206]]
2025-05-16 00:15:33,838 - INFO - Loading dataset...
2025-05-16 00:15:33,955 - INFO - Training model...
2025-05-16 00:15:35,776 - INFO - Model Evaluation:
2025-05-16 00:15:35,776 - INFO -        accuracy: 0.9715
2025-05-16 00:15:35,777 - INFO -       precision: 0.9702
2025-05-16 00:15:35,777 - INFO -          recall: 0.9789
2025-05-16 00:15:35,778 - INFO -        f1_score: 0.9745
2025-05-16 00:15:35,778 - INFO - confusion_matrix: [[942, 37], [26, 1206]]
2025-05-16 00:15:35,916 - INFO - Model saved to: model/phishing_pipeline.joblib
2025-05-16 00:15:35,917 - INFO - Selected features saved to: model/feature_names.txt
2025-05-16 00:15:35,918 - INFO - Metrics saved to: model/metrics.json
2025-07-29 23:16:57,223 - INFO - Loading dataset...
2025-07-29 23:16:57,382 - INFO - Training model...
2025-07-29 23:16:58,771 - INFO - Model Evaluation:
2025-07-29 23:16:58,771 - INFO -        accuracy: 0.9715
2025-07-29 23:16:58,772 - INFO -       precision: 0.9702
2025-07-29 23:16:58,772 - INFO -          recall: 0.9789
2025-07-29 23:16:58,772 - INFO -        f1_score: 0.9745
2025-07-29 23:16:58,773 - INFO - confusion_matrix: [[942, 37], [26, 1206]]
2025-07-29 23:16:58,889 - INFO - Model saved to: model/phishing_pipeline.joblib
2025-07-29 23:16:58,890 - INFO - Selected features saved to: model/feature_names.txt
2025-07-29 23:16:58,892 - INFO - Metrics saved to: model/metrics.json
